11:11:38.322 [main                     ] DEBUG Logger               - Configured Logger
11:11:38.366 [main                     ] DEBUG GameApplication      - Logging settings
Title: Carsons Tank Game
Version: 0.0
Width: 960
Height: 960
Fullscreen: false
Intro: false
Profiling: false
Single step:false
App Mode: DEVELOPER
Menu Key: ESCAPE
Stage Style: DECORATED
Scene Factory: class com.almasb.fxgl.app.scene.SceneFactory

11:11:38.831 [JavaFX Application Thread] DEBUG FXGLApplication      - Initializing FXGL
11:11:38.835 [JavaFX Application Thread] INFO  Engine               - FXGL-21.1 (27.03.2024 07.52) on LINUX (J:21.0.5 FX:21)
11:11:38.835 [JavaFX Application Thread] DEBUG Engine               - JRE Vendor Name: Red Hat, Inc.
11:11:38.836 [JavaFX Application Thread] DEBUG Engine               - Running on OS: Linux version 6.11.10-300.fc41.x86_64
11:11:38.836 [JavaFX Application Thread] DEBUG Engine               - Architecture: amd64
11:11:38.836 [JavaFX Application Thread] INFO  Engine               - Source code and latest versions at: https://github.com/AlmasB/FXGL
11:11:38.836 [JavaFX Application Thread] INFO  Engine               -       Ask questions and discuss at: https://github.com/AlmasB/FXGL/discussions
11:11:38.837 [JavaFX Application Thread] INFO  Engine               -              Join the FXGL chat at: https://gitter.im/AlmasB/FXGL
11:11:38.989 [JavaFX Application Thread] DEBUG PrimaryStageWindow   - Creating a JavaFX scene
11:11:38.990 [JavaFX Application Thread] DEBUG PrimaryStageWindow   - Target size > screen size
11:11:39.108 [JavaFX Application Thread] DEBUG PrimaryStageWindow   - Target settings size: 960.0 x 960.0
11:11:39.108 [JavaFX Application Thread] DEBUG PrimaryStageWindow   - Scaled scene size:    807.0 x 832.0
11:11:39.109 [JavaFX Application Thread] DEBUG PrimaryStageWindow   - Scaled ratio: (0.840625, 0.8666666666666667)
11:11:39.110 [JavaFX Application Thread] DEBUG PrimaryStageWindow   - Set initial scene to FXGLStartupScene
11:11:39.115 [JavaFX Application Thread] DEBUG PrimaryStageWindow   - Opening main window
11:11:39.162 [JavaFX Application Thread] DEBUG PrimaryStageWindow   - Window border size: (0.0, 35.0)
11:11:39.162 [JavaFX Application Thread] DEBUG PrimaryStageWindow   - Scaled size: 807.0 x 797.0
11:11:39.162 [JavaFX Application Thread] DEBUG PrimaryStageWindow   - Scaled ratio: (0.840625, 0.8302083333333333)
11:11:39.163 [JavaFX Application Thread] DEBUG PrimaryStageWindow   - Scene size: 807.0 x 832.0
11:11:39.163 [JavaFX Application Thread] DEBUG PrimaryStageWindow   - Stage size: 807.0 x 832.0
11:11:39.170 [FXGL Background Thread 1 ] DEBUG Engine               - Initializing environment variables
11:11:39.240 [FXGL Background Thread 1 ] DEBUG FXGLAssetLoaderServi - User app class for loading assets: class com.example.ooptankgame.TankApp
11:11:39.240 [FXGL Background Thread 1 ] DEBUG GameApplicationServi - Applying CSS: fxgl_dark.css
11:11:39.243 [FXGL Background Thread 1 ] DEBUG FXGLAssetLoaderServi - Loading from file system: jar:file:///home/carson/.m2/repository/com/github/almasb/fxgl/21.1/fxgl-21.1.jar!/fxglassets/ui/css/fxgl_dark.css
11:11:39.328 [FXGL Background Thread 1 ] DEBUG GameApplicationServi - Initializing application scenes
11:11:39.381 [FXGL Background Thread 1 ] DEBUG GameWorld            - Game world initialized
11:11:39.485 [FXGL Background Thread 1 ] DEBUG PhysicsWorld         - Physics world initialized: appHeight=960, physics.ppm=50.0
11:11:39.485 [FXGL Background Thread 1 ] DEBUG PhysicsWorld         - Using strategy: BRUTE_FORCE
11:11:39.491 [FXGL Background Thread 1 ] DEBUG GameScene            - Game scene initialized: 960x960
11:11:39.508 [FXGL Background Thread 1 ] DEBUG FXGL.DefaultMenu     - createMenuBodyGameMenu()
11:11:39.527 [FXGL Background Thread 1 ] DEBUG FXGL.DefaultMenu     - createOptionsMenu()
11:11:39.539 [FXGL Background Thread 1 ] DEBUG FXGLAssetLoaderServi - Loading from file system: jar:file:///home/carson/.m2/repository/com/github/almasb/fxgl/21.1/fxgl-21.1.jar!/fxglassets/textures/particles/smoke.png
11:11:39.683 [FXGL Background Thread 1 ] DEBUG FXGLAssetLoaderServi - Loading from file system: jar:file:///home/carson/.m2/repository/com/github/almasb/fxgl/21.1/fxgl-21.1.jar!/fxglassets/textures/particles/trace_horizontal.png
11:11:39.744 [FXGL Background Thread 1 ] DEBUG GameApplicationServi - Application scenes initialized
11:11:39.758 [FXGL Background Thread 1 ] DEBUG SystemBundleService  - Loading FXGL system data
11:11:39.759 [FXGL Background Thread 1 ] DEBUG FileSystemAccess     - Reading from: /home/carson/IdeaProjects/OOPTankGame/system/fxgl.bundle
11:11:39.763 [FXGL Background Thread 1 ] DEBUG SystemBundleService  - Bundle FXGL: {}
11:11:39.763 [FXGL Background Thread 1 ] DEBUG UpdaterService       - Checking for updates
11:11:39.776 [FXGL Background Thread 4 ] DEBUG FXGLApplication      - Loading fonts
11:11:39.777 [FXGL Background Thread 4 ] DEBUG FXGLAssetLoaderServi - Loading from file system: jar:file:///home/carson/.m2/repository/com/github/almasb/fxgl/21.1/fxgl-21.1.jar!/fxglassets/ui/fonts/VarelaRound-Regular.ttf
11:11:39.777 [FXGL Background Thread 1 ] DEBUG FXGLApplication      - Loading default localization
11:11:39.778 [FXGL Background Thread 1 ] DEBUG FXGLAssetLoaderServi - Loading from file system: jar:file:///home/carson/.m2/repository/com/github/almasb/fxgl/21.1/fxgl-21.1.jar!/fxglassets/languages/english.lang
11:11:39.786 [FXGL Background Thread 4 ] DEBUG FXGLAssetLoaderServi - Loading from file system: jar:file:///home/carson/.m2/repository/com/github/almasb/fxgl/21.1/fxgl-21.1.jar!/fxglassets/ui/fonts/Abel-Regular.ttf
11:11:39.788 [FXGL Background Thread 4 ] DEBUG FXGLAssetLoaderServi - Loading from file system: jar:file:///home/carson/.m2/repository/com/github/almasb/fxgl/21.1/fxgl-21.1.jar!/fxglassets/ui/fonts/TerminalLandMono-Regular.otf
11:11:39.790 [FXGL Background Thread 4 ] DEBUG FXGLAssetLoaderServi - Loading from file system: jar:file:///home/carson/.m2/repository/com/github/almasb/fxgl/21.1/fxgl-21.1.jar!/fxglassets/ui/fonts/Courier-Prime.ttf
11:11:39.796 [JavaFX Application Thread] DEBUG FXGLApplication      - Registering font factories with UI factory
11:11:39.803 [FXGL Background Thread 1 ] INFO  FXGLApplication      - FXGL initialization took: 0.633 sec
11:11:39.815 [JavaFX Application Thread] DEBUG Input                - Registered new binding: action0 - W
11:11:39.815 [JavaFX Application Thread] DEBUG Input                - Registered new binding: action1 - Up
11:11:39.815 [JavaFX Application Thread] DEBUG Input                - Registered new binding: action2 - S
11:11:39.816 [JavaFX Application Thread] DEBUG Input                - Registered new binding: action3 - Down
11:11:39.816 [JavaFX Application Thread] DEBUG Input                - Registered new binding: action4 - A
11:11:39.816 [JavaFX Application Thread] DEBUG Input                - Registered new binding: action5 - Left
11:11:39.817 [JavaFX Application Thread] DEBUG Input                - Registered new binding: action6 - D
11:11:39.817 [JavaFX Application Thread] DEBUG Input                - Registered new binding: action7 - Right
11:11:39.817 [JavaFX Application Thread] DEBUG Input                - Registered new binding: action8 - Space
11:11:39.818 [JavaFX Application Thread] DEBUG Input                - Registered new binding: action9 - F
11:11:39.818 [JavaFX Application Thread] DEBUG FXGLAssetLoaderServi - Loading from file system: jar:file:///home/carson/.m2/repository/com/github/almasb/fxgl/21.1/fxgl-21.1.jar!/fxglassets/textures/fxgl_icon.png
11:11:39.850 [JavaFX Application Thread] DEBUG FXGLAssetLoaderServi - Loading from file system: jar:file:///home/carson/.m2/repository/com/github/almasb/fxgl/21.1/fxgl-21.1.jar!/fxglassets/textures/fxgl_default_cursor.png
11:11:39.853 [JavaFX Application Thread] DEBUG Input                - Registered new binding: Screenshot - CTRL+8
11:11:39.853 [JavaFX Application Thread] DEBUG Input                - Registered new binding: System info dump - CTRL+9
11:11:39.854 [JavaFX Application Thread] DEBUG Input                - Registered new binding: Restart - CTRL+R
11:11:39.854 [JavaFX Application Thread] DEBUG Input                - Registered new binding: Toggle Debug Camera - CTRL+7
11:11:39.857 [JavaFX Application Thread] DEBUG LoopRunner           - Starting loop
11:11:39.857 [JavaFX Application Thread] DEBUG LoopRunner           - Initializing JavaFX AnimationTimerLoop
11:11:39.859 [JavaFX Application Thread] DEBUG GameApplicationServi - Starting new game
11:11:39.859 [JavaFX Application Thread] DEBUG Input                - Clearing active input actions
11:11:39.878 [JavaFX Application Thread] DEBUG GameApplicationServi - Removing overlay from FXGLStartupScene and adding to FXGLLoadingScene
11:11:39.879 [JavaFX Application Thread] DEBUG PrimaryStageWindow   - FXGLStartupScene -> FXGLLoadingScene
11:11:39.879 [JavaFX Application Thread] DEBUG GameApplicationServi - Clearing previous game
11:11:39.879 [JavaFX Application Thread] DEBUG GameScene            - Clearing game scene
11:11:39.879 [JavaFX Application Thread] DEBUG GameWorld            - Clearing game world
11:11:39.879 [JavaFX Application Thread] DEBUG PhysicsWorld         - Clearing physics world
11:11:39.881 [FXGL Background Thread 1 ] DEBUG FXGLApplication      - Initializing game
11:11:39.886 [FXGL Background Thread 1 ] DEBUG FXGLAssetLoaderServi - Loading from file system: file:/home/carson/IdeaProjects/OOPTankGame/target/classes/assets/textures/animations/explosion.png
11:11:39.890 [FXGL Background Thread 1 ] DEBUG FXGLAssetLoaderServi - Loading from file system: file:/home/carson/IdeaProjects/OOPTankGame/target/classes/assets/textures/animations/heal.png
11:11:39.936 [FXGL Background Thread 1 ] WARN  TMXLevelLoader       - TiledMap generated from 1.11.0. Supported version: 1.9.0. Some features may not be parsed fully.
11:11:39.972 [FXGL Background Thread 1 ] DEBUG TMXLevelLoader       - Parsed TiledMap: file:/home/carson/IdeaProjects/OOPTankGame/target/classes/assets/levels/tmx/tankgamemapnewwalls.tmx
11:11:39.973 [FXGL Background Thread 1 ] DEBUG TMXLevelLoader       - Creating tile layer entities
11:11:39.975 [FXGL Background Thread 1 ] DEBUG TilesetLoader        - Loading view for layer Grass
11:11:39.977 [FXGL Background Thread 1 ] DEBUG TilesetLoader        - Created buffer with size 960.0x960.0
11:11:40.011 [FXGL Background Thread 1 ] DEBUG TilesetLoader        - Loading view for layer Main Layer
11:11:40.014 [FXGL Background Thread 1 ] DEBUG TilesetLoader        - Created buffer with size 960.0x960.0
11:11:40.025 [FXGL Background Thread 1 ] DEBUG TilesetLoader        - Loading view for layer Plants
11:11:40.028 [FXGL Background Thread 1 ] DEBUG TilesetLoader        - Created buffer with size 960.0x960.0
11:11:40.031 [FXGL Background Thread 1 ] DEBUG TilesetLoader        - Loading view for layer Walls
11:11:40.034 [FXGL Background Thread 1 ] DEBUG TilesetLoader        - Created buffer with size 960.0x960.0
11:11:40.036 [FXGL Background Thread 1 ] DEBUG TilesetLoader        - Loading view for layer Health Packs
11:11:40.038 [FXGL Background Thread 1 ] DEBUG TilesetLoader        - Created buffer with size 960.0x960.0
11:11:40.039 [FXGL Background Thread 1 ] DEBUG TMXLevelLoader       - Creating object layer entities
11:11:40.138 [FXGL Background Thread 1 ] DEBUG FXGLAssetLoaderServi - Loading from file system: file:/home/carson/IdeaProjects/OOPTankGame/target/classes/assets/textures/tanks/greenTank.png
11:11:40.146 [FXGL Background Thread 1 ] DEBUG FXGLAssetLoaderServi - Loading from file system: file:/home/carson/IdeaProjects/OOPTankGame/target/classes/assets/textures/tanks/yellowTank.png
11:11:40.168 [FXGL Background Thread 1 ] DEBUG FXGLAssetLoaderServi - Loading from file system: file:/home/carson/IdeaProjects/OOPTankGame/target/classes/assets/textures/items/healthpack.png
11:11:40.170 [FXGL Background Thread 1 ] DEBUG GameWorld            - Clearing removable entities
11:11:40.171 [FXGL Background Thread 1 ] DEBUG GameWorld            - Setting level: com.almasb.fxgl.entity.level.Level@1e40eac8
11:11:40.192 [FXGL Background Thread 1 ] INFO  FXGLApplication      - Game initialization took: 0.311 sec
11:11:40.193 [JavaFX Application Thread] DEBUG Input                - Clearing active input actions
11:11:40.207 [JavaFX Application Thread] DEBUG GameApplicationServi - Removing overlay from FXGLLoadingScene and adding to GameScene
11:11:40.208 [JavaFX Application Thread] DEBUG PrimaryStageWindow   - FXGLLoadingScene -> GameScene
11:11:40.786 [JavaFX Application Thread] DEBUG FXGLAssetLoaderServi - Loading from file system: file:/home/carson/IdeaProjects/OOPTankGame/target/classes/assets/textures/bullet/bullet.png
11:11:42.767 [FXGL Background Thread 3 ] DEBUG Engine               - Logging environment variables
11:11:42.768 [FXGL Background Thread 3 ] DEBUG Engine               - achievements: []
11:11:42.768 [FXGL Background Thread 3 ] DEBUG Engine               - actualHeight: 797.0
11:11:42.768 [FXGL Background Thread 3 ] DEBUG Engine               - actualHeightProperty: ReadOnlyDoubleProperty [value: 834.0]
11:11:42.768 [FXGL Background Thread 3 ] DEBUG Engine               - actualWidth: 807.0
11:11:42.768 [FXGL Background Thread 3 ] DEBUG Engine               - actualWidthProperty: ReadOnlyDoubleProperty [value: 807.0]
11:11:42.769 [FXGL Background Thread 3 ] DEBUG Engine               - appIcon: fxgl_icon.png
11:11:42.769 [FXGL Background Thread 3 ] DEBUG Engine               - applicationMode: DEVELOPER
11:11:42.769 [FXGL Background Thread 3 ] DEBUG Engine               - cSSList: [fxgl_dark.css]
11:11:42.769 [FXGL Background Thread 3 ] DEBUG Engine               - collisionDetectionStrategy: BRUTE_FORCE
11:11:42.769 [FXGL Background Thread 3 ] DEBUG Engine               - configClass: Optional.empty
11:11:42.769 [FXGL Background Thread 3 ] DEBUG Engine               - credits: []
11:11:42.770 [FXGL Background Thread 3 ] DEBUG Engine               - defaultCursor: CursorInfo(imageName=fxgl_default_cursor.png, hotspotX=7.0, hotspotY=6.0)
11:11:42.770 [FXGL Background Thread 3 ] DEBUG Engine               - devBBoxColorProperty: ObjectProperty [value: 0xff0000ff]
11:11:42.770 [FXGL Background Thread 3 ] DEBUG Engine               - devEnableDebugCameraProperty: BooleanProperty [value: false]
11:11:42.770 [FXGL Background Thread 3 ] DEBUG Engine               - devSensorColorProperty: ObjectProperty [value: 0xffff00ff]
11:11:42.770 [FXGL Background Thread 3 ] DEBUG Engine               - devShowBBoxProperty: BooleanProperty [value: false]
11:11:42.770 [FXGL Background Thread 3 ] DEBUG Engine               - devShowPositionProperty: BooleanProperty [value: false]
11:11:42.771 [FXGL Background Thread 3 ] DEBUG Engine               - enabledMenuItems: []
11:11:42.771 [FXGL Background Thread 3 ] DEBUG Engine               - engineServices: [class com.almasb.fxgl.app.services.FXGLAssetLoaderService, class com.almasb.fxgl.app.FXGLApplication$GameApplicationService, class com.almasb.fxgl.app.services.FXGLDialogService, class com.almasb.fxgl.app.services.IOTaskExecutorService, class com.almasb.fxgl.io.FileSystemService, class com.almasb.fxgl.localization.LocalizationService, class com.almasb.fxgl.app.services.SystemBundleService, class com.almasb.fxgl.profile.SaveLoadService, class com.almasb.fxgl.ui.FXGLUIFactoryServiceProvider, class com.almasb.fxgl.ui.FXGLDialogFactoryServiceProvider, class com.almasb.fxgl.audio.AudioPlayer, class com.almasb.fxgl.notification.impl.NotificationServiceProvider, class com.almasb.fxgl.achievement.AchievementService, class com.almasb.fxgl.cutscene.CutsceneService, class com.almasb.fxgl.minigames.MiniGameService, class com.almasb.fxgl.net.NetService, class com.almasb.fxgl.app.services.UpdaterService, class com.almasb.fxgl.dev.DevService]
11:11:42.771 [FXGL Background Thread 3 ] DEBUG Engine               - fontGame: Abel-Regular.ttf
11:11:42.771 [FXGL Background Thread 3 ] DEBUG Engine               - fontMono: TerminalLandMono-Regular.otf
11:11:42.771 [FXGL Background Thread 3 ] DEBUG Engine               - fontSizeScaleUI: 1.0
11:11:42.771 [FXGL Background Thread 3 ] DEBUG Engine               - fontText: Courier-Prime.ttf
11:11:42.771 [FXGL Background Thread 3 ] DEBUG Engine               - fontUI: VarelaRound-Regular.ttf
11:11:42.771 [FXGL Background Thread 3 ] DEBUG Engine               - fullScreen: BooleanProperty [value: false]
11:11:42.772 [FXGL Background Thread 3 ] DEBUG Engine               - gameDifficulty: MEDIUM
11:11:42.772 [FXGL Background Thread 3 ] DEBUG Engine               - gameDifficultyProperty: ObjectProperty [value: MEDIUM]
11:11:42.772 [FXGL Background Thread 3 ] DEBUG Engine               - globalMusicVolume: 0.5
11:11:42.772 [FXGL Background Thread 3 ] DEBUG Engine               - globalMusicVolumeProperty: DoubleProperty [value: 0.5]
11:11:42.772 [FXGL Background Thread 3 ] DEBUG Engine               - globalSoundVolume: 0.5
11:11:42.772 [FXGL Background Thread 3 ] DEBUG Engine               - globalSoundVolumeProperty: DoubleProperty [value: 0.5]
11:11:42.772 [FXGL Background Thread 3 ] DEBUG Engine               - height: 960
11:11:42.772 [FXGL Background Thread 3 ] DEBUG Engine               - is3D: false
11:11:42.773 [FXGL Background Thread 3 ] DEBUG Engine               - isAndroid: false
11:11:42.773 [FXGL Background Thread 3 ] DEBUG Engine               - isBrowser: false
11:11:42.773 [FXGL Background Thread 3 ] DEBUG Engine               - isClickFeedbackEnabled: false
11:11:42.773 [FXGL Background Thread 3 ] DEBUG Engine               - isCloseConfirmation: false
11:11:42.773 [FXGL Background Thread 3 ] DEBUG Engine               - isDesktop: true
11:11:42.773 [FXGL Background Thread 3 ] DEBUG Engine               - isDeveloperMenuEnabled: false
11:11:42.773 [FXGL Background Thread 3 ] DEBUG Engine               - isEmbedded: false
11:11:42.773 [FXGL Background Thread 3 ] DEBUG Engine               - isEntityPreloadEnabled: true
11:11:42.773 [FXGL Background Thread 3 ] DEBUG Engine               - isExperimentalTiledLargeMap: false
11:11:42.774 [FXGL Background Thread 3 ] DEBUG Engine               - isFileSystemWriteAllowed: true
11:11:42.774 [FXGL Background Thread 3 ] DEBUG Engine               - isFullScreenAllowed: false
11:11:42.774 [FXGL Background Thread 3 ] DEBUG Engine               - isFullScreenFromStart: false
11:11:42.774 [FXGL Background Thread 3 ] DEBUG Engine               - isGameMenuEnabled: true
11:11:42.774 [FXGL Background Thread 3 ] DEBUG Engine               - isIOS: false
11:11:42.774 [FXGL Background Thread 3 ] DEBUG Engine               - isIntroEnabled: false
11:11:42.774 [FXGL Background Thread 3 ] DEBUG Engine               - isLinux: true
11:11:42.774 [FXGL Background Thread 3 ] DEBUG Engine               - isMac: false
11:11:42.775 [FXGL Background Thread 3 ] DEBUG Engine               - isMainMenuEnabled: false
11:11:42.775 [FXGL Background Thread 3 ] DEBUG Engine               - isManualResizeEnabled: false
11:11:42.775 [FXGL Background Thread 3 ] DEBUG Engine               - isMobile: false
11:11:42.775 [FXGL Background Thread 3 ] DEBUG Engine               - isNative: false
11:11:42.775 [FXGL Background Thread 3 ] DEBUG Engine               - isPauseMusicWhenMinimized: true
11:11:42.775 [FXGL Background Thread 3 ] DEBUG Engine               - isPreserveResizeRatio: false
11:11:42.775 [FXGL Background Thread 3 ] DEBUG Engine               - isProfilingEnabled: false
11:11:42.775 [FXGL Background Thread 3 ] DEBUG Engine               - isScaleAffectedOnResize: true
11:11:42.775 [FXGL Background Thread 3 ] DEBUG Engine               - isSingleStep: false
11:11:42.776 [FXGL Background Thread 3 ] DEBUG Engine               - isUserProfileEnabled: false
11:11:42.776 [FXGL Background Thread 3 ] DEBUG Engine               - isWindows: false
11:11:42.776 [FXGL Background Thread 3 ] DEBUG Engine               - language: ObjectProperty [value: ENGLISH]
11:11:42.776 [FXGL Background Thread 3 ] DEBUG Engine               - menuKey: ESCAPE
11:11:42.776 [FXGL Background Thread 3 ] DEBUG Engine               - mouseSensitivity: 0.2
11:11:42.776 [FXGL Background Thread 3 ] DEBUG Engine               - notificationViewClass: class com.almasb.fxgl.notification.view.XboxNotificationView
11:11:42.776 [FXGL Background Thread 3 ] DEBUG Engine               - pixelsPerMeter: 50.0
11:11:42.777 [FXGL Background Thread 3 ] DEBUG Engine               - platform: LINUX
11:11:42.777 [FXGL Background Thread 3 ] DEBUG Engine               - prefHeightProperty: ReadOnlyDoubleProperty [value: 960.0]
11:11:42.777 [FXGL Background Thread 3 ] DEBUG Engine               - prefWidthProperty: ReadOnlyDoubleProperty [value: 960.0]
11:11:42.777 [FXGL Background Thread 3 ] DEBUG Engine               - profileDir: profiles/
11:11:42.777 [FXGL Background Thread 3 ] DEBUG Engine               - profileName: StringProperty [value: DEFAULT]
11:11:42.777 [FXGL Background Thread 3 ] DEBUG Engine               - randomSeed: -1
11:11:42.778 [FXGL Background Thread 3 ] DEBUG Engine               - runtimeInfo: RuntimeInfo(platform=LINUX, version=21.1, build=27.03.2024 07.52)
11:11:42.778 [FXGL Background Thread 3 ] DEBUG Engine               - saveFileExt: sav
11:11:42.779 [FXGL Background Thread 3 ] DEBUG Engine               - scaledHeightProp$fxgl: DoubleProperty [bound, value: 834.0]
11:11:42.779 [FXGL Background Thread 3 ] DEBUG Engine               - scaledWidthProp$fxgl: DoubleProperty [bound, value: 807.0]
11:11:42.779 [FXGL Background Thread 3 ] DEBUG Engine               - sceneFactory: com.almasb.fxgl.app.scene.SceneFactory@56e5ba6
11:11:42.779 [FXGL Background Thread 3 ] DEBUG Engine               - secondsIn24h: 60
11:11:42.779 [FXGL Background Thread 3 ] DEBUG Engine               - soundMenuBack: menu/back.wav
11:11:42.779 [FXGL Background Thread 3 ] DEBUG Engine               - soundMenuPress: menu/press.wav
11:11:42.779 [FXGL Background Thread 3 ] DEBUG Engine               - soundMenuSelect: menu/select.wav
11:11:42.779 [FXGL Background Thread 3 ] DEBUG Engine               - soundNotification: core/notification.wav
11:11:42.779 [FXGL Background Thread 3 ] DEBUG Engine               - stageStyle: DECORATED
11:11:42.780 [FXGL Background Thread 3 ] DEBUG Engine               - supportedLanguages: [ENGLISH, FRENCH, GERMAN, HUNGARIAN, RUSSIAN]
11:11:42.780 [FXGL Background Thread 3 ] DEBUG Engine               - ticksPerSecond: -1
11:11:42.780 [FXGL Background Thread 3 ] DEBUG Engine               - title: Carsons Tank Game
11:11:42.780 [FXGL Background Thread 3 ] DEBUG Engine               - urlGithub: https://github.com/AlmasB/FXGL
11:11:42.780 [FXGL Background Thread 3 ] DEBUG Engine               - urlLeaderboard: http://fxgl-top.herokuapp.com/
11:11:42.780 [FXGL Background Thread 3 ] DEBUG Engine               - urlPOM: https://raw.githubusercontent.com/AlmasB/FXGL/release/README.md
11:11:42.780 [FXGL Background Thread 3 ] DEBUG Engine               - userAppClass: class com.example.ooptankgame.TankApp
11:11:42.780 [FXGL Background Thread 3 ] DEBUG Engine               - version: 0.0
11:11:42.780 [FXGL Background Thread 3 ] DEBUG Engine               - versionCheckDays: 7
11:11:42.781 [FXGL Background Thread 3 ] DEBUG Engine               - width: 960
11:11:42.781 [FXGL Background Thread 3 ] DEBUG Engine               - Logging services
11:11:42.781 [FXGL Background Thread 3 ] DEBUG Engine               - class com.almasb.fxgl.app.services.FXGLAssetLoaderService
11:11:42.781 [FXGL Background Thread 3 ] DEBUG Engine               - class com.almasb.fxgl.app.FXGLApplication$GameApplicationService
11:11:42.781 [FXGL Background Thread 3 ] DEBUG Engine               - class com.almasb.fxgl.app.services.FXGLDialogService
11:11:42.781 [FXGL Background Thread 3 ] DEBUG Engine               - class com.almasb.fxgl.app.services.IOTaskExecutorService
11:11:42.781 [FXGL Background Thread 3 ] DEBUG Engine               - class com.almasb.fxgl.io.FileSystemService
11:11:42.781 [FXGL Background Thread 3 ] DEBUG Engine               - class com.almasb.fxgl.localization.LocalizationService
11:11:42.781 [FXGL Background Thread 3 ] DEBUG Engine               - class com.almasb.fxgl.app.services.SystemBundleService
11:11:42.781 [FXGL Background Thread 3 ] DEBUG Engine               - class com.almasb.fxgl.profile.SaveLoadService
11:11:42.781 [FXGL Background Thread 3 ] DEBUG Engine               - class com.almasb.fxgl.ui.FXGLUIFactoryServiceProvider
11:11:42.781 [FXGL Background Thread 3 ] DEBUG Engine               - class com.almasb.fxgl.ui.FXGLDialogFactoryServiceProvider
11:11:42.781 [FXGL Background Thread 3 ] DEBUG Engine               - class com.almasb.fxgl.audio.AudioPlayer
11:11:42.782 [FXGL Background Thread 3 ] DEBUG Engine               - class com.almasb.fxgl.notification.impl.NotificationServiceProvider
11:11:42.782 [FXGL Background Thread 3 ] DEBUG Engine               - class com.almasb.fxgl.achievement.AchievementService
11:11:42.782 [FXGL Background Thread 3 ] DEBUG Engine               - class com.almasb.fxgl.cutscene.CutsceneService
11:11:42.782 [FXGL Background Thread 3 ] DEBUG Engine               - class com.almasb.fxgl.minigames.MiniGameService
11:11:42.782 [FXGL Background Thread 3 ] DEBUG Engine               - class com.almasb.fxgl.net.NetService
11:11:42.782 [FXGL Background Thread 3 ] DEBUG Engine               - class com.almasb.fxgl.app.services.UpdaterService
11:11:42.782 [FXGL Background Thread 3 ] DEBUG Engine               - class com.almasb.fxgl.dev.DevService
11:12:08.480 [JavaFX Application Thread] DEBUG FXGLApplication      - Exiting FXGL
11:12:08.481 [JavaFX Application Thread] DEBUG LoopRunner           - Stopping loop
11:12:08.481 [JavaFX Application Thread] DEBUG SystemBundleService  - Saving FXGL system data
11:12:08.482 [JavaFX Application Thread] DEBUG FileSystemAccess     - Writing to: /home/carson/IdeaProjects/OOPTankGame/system/fxgl.bundle
11:12:08.483 [JavaFX Application Thread] DEBUG Async                - Shutting down background threads
11:12:08.483 [JavaFX Application Thread] DEBUG PrimaryStageWindow   - Closing main window
11:12:08.489 [JavaFX Application Thread] DEBUG Logger               - Closing Logger
