12:35:24.823 [main                     ] DEBUG Logger               - Configured Logger
12:35:24.907 [main                     ] DEBUG GameApplication      - Logging settings
Title: Carsons Tank Game
Version: 0.0
Width: 960
Height: 960
Fullscreen: false
Intro: false
Profiling: false
Single step:false
App Mode: DEVELOPER
Menu Key: ESCAPE
Stage Style: DECORATED
Scene Factory: class com.almasb.fxgl.app.scene.SceneFactory

12:35:25.510 [JavaFX Application Thread] DEBUG FXGLApplication      - Initializing FXGL
12:35:25.515 [JavaFX Application Thread] INFO  Engine               - FXGL-21.1 (27.03.2024 07.52) on LINUX (J:21.0.5 FX:21)
12:35:25.516 [JavaFX Application Thread] DEBUG Engine               - JRE Vendor Name: Red Hat, Inc.
12:35:25.516 [JavaFX Application Thread] DEBUG Engine               - Running on OS: Linux version 6.11.10-300.fc41.x86_64
12:35:25.516 [JavaFX Application Thread] DEBUG Engine               - Architecture: amd64
12:35:25.516 [JavaFX Application Thread] INFO  Engine               - Source code and latest versions at: https://github.com/AlmasB/FXGL
12:35:25.517 [JavaFX Application Thread] INFO  Engine               -       Ask questions and discuss at: https://github.com/AlmasB/FXGL/discussions
12:35:25.517 [JavaFX Application Thread] INFO  Engine               -              Join the FXGL chat at: https://gitter.im/AlmasB/FXGL
12:35:25.688 [JavaFX Application Thread] DEBUG PrimaryStageWindow   - Creating a JavaFX scene
12:35:25.688 [JavaFX Application Thread] DEBUG PrimaryStageWindow   - Target size > screen size
12:35:25.789 [JavaFX Application Thread] DEBUG PrimaryStageWindow   - Target settings size: 960.0 x 960.0
12:35:25.789 [JavaFX Application Thread] DEBUG PrimaryStageWindow   - Scaled scene size:    807.0 x 832.0
12:35:25.790 [JavaFX Application Thread] DEBUG PrimaryStageWindow   - Scaled ratio: (0.840625, 0.8666666666666667)
12:35:25.791 [JavaFX Application Thread] DEBUG PrimaryStageWindow   - Set initial scene to FXGLStartupScene
12:35:25.795 [JavaFX Application Thread] DEBUG PrimaryStageWindow   - Opening main window
12:35:25.836 [JavaFX Application Thread] DEBUG PrimaryStageWindow   - Window border size: (0.0, 35.0)
12:35:25.836 [JavaFX Application Thread] DEBUG PrimaryStageWindow   - Scaled size: 807.0 x 797.0
12:35:25.836 [JavaFX Application Thread] DEBUG PrimaryStageWindow   - Scaled ratio: (0.840625, 0.8302083333333333)
12:35:25.836 [JavaFX Application Thread] DEBUG PrimaryStageWindow   - Scene size: 807.0 x 832.0
12:35:25.837 [JavaFX Application Thread] DEBUG PrimaryStageWindow   - Stage size: 807.0 x 832.0
12:35:25.844 [FXGL Background Thread 1 ] DEBUG Engine               - Initializing environment variables
12:35:25.905 [FXGL Background Thread 1 ] DEBUG FXGLAssetLoaderServi - User app class for loading assets: class com.example.ooptankgame.TankApp
12:35:25.905 [FXGL Background Thread 1 ] DEBUG GameApplicationServi - Applying CSS: fxgl_dark.css
12:35:25.907 [FXGL Background Thread 1 ] DEBUG FXGLAssetLoaderServi - Loading from file system: jar:file:///home/carson/.m2/repository/com/github/almasb/fxgl/21.1/fxgl-21.1.jar!/fxglassets/ui/css/fxgl_dark.css
12:35:25.992 [FXGL Background Thread 1 ] DEBUG GameApplicationServi - Initializing application scenes
12:35:26.062 [FXGL Background Thread 1 ] DEBUG GameWorld            - Game world initialized
12:35:26.166 [FXGL Background Thread 1 ] DEBUG PhysicsWorld         - Physics world initialized: appHeight=960, physics.ppm=50.0
12:35:26.166 [FXGL Background Thread 1 ] DEBUG PhysicsWorld         - Using strategy: BRUTE_FORCE
12:35:26.173 [FXGL Background Thread 1 ] DEBUG GameScene            - Game scene initialized: 960x960
12:35:26.198 [FXGL Background Thread 1 ] DEBUG FXGL.DefaultMenu     - createMenuBodyGameMenu()
12:35:26.261 [FXGL Background Thread 1 ] DEBUG FXGL.DefaultMenu     - createOptionsMenu()
12:35:26.293 [FXGL Background Thread 1 ] DEBUG FXGLAssetLoaderServi - Loading from file system: jar:file:///home/carson/.m2/repository/com/github/almasb/fxgl/21.1/fxgl-21.1.jar!/fxglassets/textures/particles/smoke.png
12:35:26.500 [FXGL Background Thread 1 ] DEBUG FXGLAssetLoaderServi - Loading from file system: jar:file:///home/carson/.m2/repository/com/github/almasb/fxgl/21.1/fxgl-21.1.jar!/fxglassets/textures/particles/trace_horizontal.png
12:35:26.567 [FXGL Background Thread 1 ] DEBUG GameApplicationServi - Application scenes initialized
12:35:26.586 [FXGL Background Thread 1 ] DEBUG SystemBundleService  - Loading FXGL system data
12:35:26.588 [FXGL Background Thread 1 ] DEBUG FileSystemAccess     - Reading from: /home/carson/IdeaProjects/OOPTankGame/system/fxgl.bundle
12:35:26.594 [FXGL Background Thread 1 ] DEBUG SystemBundleService  - Bundle FXGL: {}
12:35:26.594 [FXGL Background Thread 1 ] DEBUG UpdaterService       - Checking for updates
12:35:26.632 [FXGL Background Thread 1 ] DEBUG FXGLApplication      - Loading default localization
12:35:26.632 [FXGL Background Thread 4 ] DEBUG FXGLApplication      - Loading fonts
12:35:26.633 [FXGL Background Thread 4 ] DEBUG FXGLAssetLoaderServi - Loading from file system: jar:file:///home/carson/.m2/repository/com/github/almasb/fxgl/21.1/fxgl-21.1.jar!/fxglassets/ui/fonts/VarelaRound-Regular.ttf
12:35:26.633 [FXGL Background Thread 1 ] DEBUG FXGLAssetLoaderServi - Loading from file system: jar:file:///home/carson/.m2/repository/com/github/almasb/fxgl/21.1/fxgl-21.1.jar!/fxglassets/languages/english.lang
12:35:26.646 [FXGL Background Thread 4 ] DEBUG FXGLAssetLoaderServi - Loading from file system: jar:file:///home/carson/.m2/repository/com/github/almasb/fxgl/21.1/fxgl-21.1.jar!/fxglassets/ui/fonts/Abel-Regular.ttf
12:35:26.653 [FXGL Background Thread 4 ] DEBUG FXGLAssetLoaderServi - Loading from file system: jar:file:///home/carson/.m2/repository/com/github/almasb/fxgl/21.1/fxgl-21.1.jar!/fxglassets/ui/fonts/TerminalLandMono-Regular.otf
12:35:26.656 [FXGL Background Thread 4 ] DEBUG FXGLAssetLoaderServi - Loading from file system: jar:file:///home/carson/.m2/repository/com/github/almasb/fxgl/21.1/fxgl-21.1.jar!/fxglassets/ui/fonts/Courier-Prime.ttf
12:35:26.667 [JavaFX Application Thread] DEBUG FXGLApplication      - Registering font factories with UI factory
12:35:26.682 [FXGL Background Thread 1 ] INFO  FXGLApplication      - FXGL initialization took: 0.838 sec
12:35:26.715 [JavaFX Application Thread] DEBUG Input                - Registered new binding: action0 - W
12:35:26.716 [JavaFX Application Thread] DEBUG Input                - Registered new binding: action1 - Up
12:35:26.717 [JavaFX Application Thread] DEBUG Input                - Registered new binding: action2 - S
12:35:26.717 [JavaFX Application Thread] DEBUG Input                - Registered new binding: action3 - Down
12:35:26.721 [JavaFX Application Thread] DEBUG Input                - Registered new binding: action4 - A
12:35:26.721 [JavaFX Application Thread] DEBUG Input                - Registered new binding: action5 - Left
12:35:26.722 [JavaFX Application Thread] DEBUG Input                - Registered new binding: action6 - D
12:35:26.727 [JavaFX Application Thread] DEBUG Input                - Registered new binding: action7 - Right
12:35:26.728 [JavaFX Application Thread] DEBUG Input                - Registered new binding: action8 - Space
12:35:26.731 [JavaFX Application Thread] DEBUG Input                - Registered new binding: action9 - F
12:35:26.734 [JavaFX Application Thread] DEBUG FXGLAssetLoaderServi - Loading from file system: jar:file:///home/carson/.m2/repository/com/github/almasb/fxgl/21.1/fxgl-21.1.jar!/fxglassets/textures/fxgl_icon.png
12:35:26.802 [JavaFX Application Thread] DEBUG FXGLAssetLoaderServi - Loading from file system: jar:file:///home/carson/.m2/repository/com/github/almasb/fxgl/21.1/fxgl-21.1.jar!/fxglassets/textures/fxgl_default_cursor.png
12:35:26.808 [JavaFX Application Thread] DEBUG Input                - Registered new binding: Screenshot - CTRL+8
12:35:26.810 [JavaFX Application Thread] DEBUG Input                - Registered new binding: System info dump - CTRL+9
12:35:26.811 [JavaFX Application Thread] DEBUG Input                - Registered new binding: Restart - CTRL+R
12:35:26.813 [JavaFX Application Thread] DEBUG Input                - Registered new binding: Toggle Debug Camera - CTRL+7
12:35:26.816 [JavaFX Application Thread] DEBUG LoopRunner           - Starting loop
12:35:26.816 [JavaFX Application Thread] DEBUG LoopRunner           - Initializing JavaFX AnimationTimerLoop
12:35:26.819 [JavaFX Application Thread] DEBUG GameApplicationServi - Starting new game
12:35:26.825 [JavaFX Application Thread] DEBUG Input                - Clearing active input actions
12:35:26.850 [JavaFX Application Thread] DEBUG GameApplicationServi - Removing overlay from FXGLStartupScene and adding to FXGLLoadingScene
12:35:26.851 [JavaFX Application Thread] DEBUG PrimaryStageWindow   - FXGLStartupScene -> FXGLLoadingScene
12:35:26.851 [JavaFX Application Thread] DEBUG GameApplicationServi - Clearing previous game
12:35:26.851 [JavaFX Application Thread] DEBUG GameScene            - Clearing game scene
12:35:26.851 [JavaFX Application Thread] DEBUG GameWorld            - Clearing game world
12:35:26.851 [JavaFX Application Thread] DEBUG PhysicsWorld         - Clearing physics world
12:35:26.853 [FXGL Background Thread 1 ] DEBUG FXGLApplication      - Initializing game
12:35:26.862 [FXGL Background Thread 1 ] DEBUG FXGLAssetLoaderServi - Loading from file system: file:/home/carson/IdeaProjects/OOPTankGame/target/classes/assets/textures/animations/explosion.png
12:35:26.869 [FXGL Background Thread 1 ] DEBUG FXGLAssetLoaderServi - Loading from file system: file:/home/carson/IdeaProjects/OOPTankGame/target/classes/assets/textures/animations/heal.png
12:35:26.960 [FXGL Background Thread 1 ] WARN  TMXLevelLoader       - TiledMap generated from 1.11.0. Supported version: 1.9.0. Some features may not be parsed fully.
12:35:27.003 [FXGL Background Thread 1 ] DEBUG TMXLevelLoader       - Parsed TiledMap: file:/home/carson/IdeaProjects/OOPTankGame/target/classes/assets/levels/tmx/tankgamemapnewwalls.tmx
12:35:27.004 [FXGL Background Thread 1 ] DEBUG TMXLevelLoader       - Creating tile layer entities
12:35:27.006 [FXGL Background Thread 1 ] DEBUG TilesetLoader        - Loading view for layer Grass
12:35:27.009 [FXGL Background Thread 1 ] DEBUG TilesetLoader        - Created buffer with size 960.0x960.0
12:35:27.053 [FXGL Background Thread 1 ] DEBUG TilesetLoader        - Loading view for layer Main Layer
12:35:27.056 [FXGL Background Thread 1 ] DEBUG TilesetLoader        - Created buffer with size 960.0x960.0
12:35:27.068 [FXGL Background Thread 1 ] DEBUG TilesetLoader        - Loading view for layer Plants
12:35:27.071 [FXGL Background Thread 1 ] DEBUG TilesetLoader        - Created buffer with size 960.0x960.0
12:35:27.074 [FXGL Background Thread 1 ] DEBUG TilesetLoader        - Loading view for layer Walls
12:35:27.077 [FXGL Background Thread 1 ] DEBUG TilesetLoader        - Created buffer with size 960.0x960.0
12:35:27.078 [FXGL Background Thread 1 ] DEBUG TilesetLoader        - Loading view for layer Health Packs
12:35:27.081 [FXGL Background Thread 1 ] DEBUG TilesetLoader        - Created buffer with size 960.0x960.0
12:35:27.082 [FXGL Background Thread 1 ] DEBUG TMXLevelLoader       - Creating object layer entities
12:35:27.185 [FXGL Background Thread 1 ] DEBUG FXGLAssetLoaderServi - Loading from file system: file:/home/carson/IdeaProjects/OOPTankGame/target/classes/assets/textures/tanks/greenTank.png
12:35:27.196 [FXGL Background Thread 1 ] DEBUG FXGLAssetLoaderServi - Loading from file system: file:/home/carson/IdeaProjects/OOPTankGame/target/classes/assets/textures/tanks/yellowTank.png
12:35:27.229 [FXGL Background Thread 1 ] DEBUG FXGLAssetLoaderServi - Loading from file system: file:/home/carson/IdeaProjects/OOPTankGame/target/classes/assets/textures/items/healthpack.png
12:35:27.235 [FXGL Background Thread 1 ] DEBUG GameWorld            - Clearing removable entities
12:35:27.236 [FXGL Background Thread 1 ] DEBUG GameWorld            - Setting level: com.almasb.fxgl.entity.level.Level@5c1cd6df
12:35:27.265 [FXGL Background Thread 1 ] INFO  FXGLApplication      - Game initialization took: 0.411 sec
12:35:27.267 [JavaFX Application Thread] DEBUG Input                - Clearing active input actions
12:35:27.292 [JavaFX Application Thread] DEBUG GameApplicationServi - Removing overlay from FXGLLoadingScene and adding to GameScene
12:35:27.292 [JavaFX Application Thread] DEBUG PrimaryStageWindow   - FXGLLoadingScene -> GameScene
12:35:28.016 [JavaFX Application Thread] DEBUG FXGLAssetLoaderServi - Loading from file system: file:/home/carson/IdeaProjects/OOPTankGame/target/classes/assets/textures/bullet/bullet.png
12:35:28.493 [JavaFX Application Thread] DEBUG FXGLApplication      - Exiting FXGL
12:35:28.493 [JavaFX Application Thread] DEBUG LoopRunner           - Stopping loop
12:35:28.494 [JavaFX Application Thread] DEBUG SystemBundleService  - Saving FXGL system data
12:35:28.495 [JavaFX Application Thread] DEBUG FileSystemAccess     - Writing to: /home/carson/IdeaProjects/OOPTankGame/system/fxgl.bundle
12:35:28.496 [JavaFX Application Thread] DEBUG Async                - Shutting down background threads
12:35:28.497 [JavaFX Application Thread] DEBUG PrimaryStageWindow   - Closing main window
12:35:28.504 [JavaFX Application Thread] DEBUG Logger               - Closing Logger
